     1                                  section .data
     2 00000000 25640A00                    IntStr: db "%d",10,0
     3                                      
     4                                  section .bss
     5                                  
     6                                  section .text
     7                                  
     8                                  extern printf
     9                                  global PrintInt
    10                                  global RemoveTrailing
    11                                  
    12                                  ; usage:
    13                                  ; push {dword}
    14                                  ; call PrintInt
    15                                  ; add esp,4
    16                                  PrintInt:
    17 00000000 FF742404                    push dword[esp+4]
    18 00000004 68[00000000]                push IntStr
    19 00000009 E8(00000000)                call printf
    20 0000000E 83C408                      add esp,8
    21 00000011 C3                          ret
    22                                  
    23                                  ; usage:
    24                                  ; mov eax,{searchchar}
    25                                  ; mov edi,{stringaddr}
    26                                  ; mov ecx,{maxreps}
    27                                  ; call RemoveTrailing
    28                                  RemoveTrailing:
    29 00000012 F2AE                        repne scasb
    30 00000014 C647FF00                    mov byte[edi-1],0 ; scasb increases edi even in the last iteration when [edi] == eax 
    31 00000018 C3                          ret
